\BOOKMARK [0][-]{section*.3}{List of Tables}{}% 1
\BOOKMARK [0][-]{section*.4}{List of Figures}{}% 2
\BOOKMARK [0][-]{chapter.1}{Introduction}{}% 3
\BOOKMARK [1][-]{section.1.1}{Overview of the Problem}{chapter.1}% 4
\BOOKMARK [1][-]{section.1.2}{Overview of the Solution}{chapter.1}% 5
\BOOKMARK [1][-]{section.1.3}{Motivations}{chapter.1}% 6
\BOOKMARK [1][-]{section.1.4}{Aims}{chapter.1}% 7
\BOOKMARK [1][-]{section.1.5}{Contributions}{chapter.1}% 8
\BOOKMARK [1][-]{section.1.6}{Thesis Overview}{chapter.1}% 9
\BOOKMARK [0][-]{chapter.2}{Background \046 Literature Review}{}% 10
\BOOKMARK [0][-]{chapter.3}{Methodology}{}% 11
\BOOKMARK [1][-]{section.3.1}{Overview of Application}{chapter.3}% 12
\BOOKMARK [1][-]{section.3.2}{Overview of Specific Game Components}{chapter.3}% 13
\BOOKMARK [1][-]{section.3.3}{Evaluation of Application}{chapter.3}% 14
\BOOKMARK [0][-]{chapter.4}{Implementation}{}% 15
\BOOKMARK [1][-]{section.4.1}{Tools}{chapter.4}% 16
\BOOKMARK [1][-]{section.4.2}{Frameworks}{chapter.4}% 17
\BOOKMARK [1][-]{section.4.3}{Packages}{chapter.4}% 18
\BOOKMARK [1][-]{section.4.4}{IDE}{chapter.4}% 19
\BOOKMARK [1][-]{section.4.5}{Intricacies of the Game Components}{chapter.4}% 20
\BOOKMARK [1][-]{section.4.6}{Example user stories \(A UML term for case studies or example playthroughs\)}{chapter.4}% 21
\BOOKMARK [0][-]{chapter.5}{Conclusions and Future Work}{}% 22
\BOOKMARK [1][-]{section.5.1}{Contributions}{chapter.5}% 23
\BOOKMARK [1][-]{section.5.2}{Future Work}{chapter.5}% 24
\BOOKMARK [0][-]{chapter*.6}{Bibliography}{}% 25
\BOOKMARK [0][-]{section*.7}{Appendices}{}% 26
\BOOKMARK [0][-]{appendix.A}{Implementation of a Relevant Algorithm}{}% 27
\BOOKMARK [0][-]{appendix.B}{Supplementary Data}{}% 28
